0 info it worked if it ends with ok
1 verbose cli [ 'C:\\Program Files\\nodejs\\node.exe',
1 verbose cli   'C:\\Users\\bedussif\\AppData\\Roaming\\npm\\node_modules\\npm\\bin\\npm-cli.js',
1 verbose cli   'run',
1 verbose cli   'build' ]
2 info using npm@4.0.3
3 info using node@v6.9.4
4 verbose run-script [ 'prebuild', 'build', 'postbuild' ]
5 info lifecycle public@1.0.0~prebuild: public@1.0.0
6 silly lifecycle public@1.0.0~prebuild: no script for prebuild, continuing
7 info lifecycle public@1.0.0~build: public@1.0.0
8 verbose lifecycle public@1.0.0~build: unsafe-perm in lifecycle true
9 verbose lifecycle public@1.0.0~build: PATH: C:\Users\bedussif\AppData\Roaming\npm\node_modules\npm\bin\node-gyp-bin;C:\Repository\nightwatch-gui\public\node_modules\.bin;C:\Users\bedussif\bin;C:\Program Files\Git\mingw64\bin;C:\Program Files\Git\usr\local\bin;C:\Program Files\Git\usr\bin;C:\Program Files\Git\usr\bin;C:\Program Files\Git\mingw64\bin;C:\Program Files\Git\usr\bin;C:\Users\bedussif\bin;C:\Program Files (x86)\Cmder\vendor\conemu-maximus5;C:\Program Files (x86)\Cmder\vendor\conemu-maximus5\ConEmu;C:\Program Files (x86)\ActiveState Komodo Edit 10;C:\ProgramData\Oracle\Java\javapath;C:\Program Files (x86)\Intel\iCLS Client;C:\Program Files\Intel\iCLS Client;C:\windows\system32;C:\windows;C:\windows\System32\Wbem;C:\windows\System32\WindowsPowerShell\v1.0;C:\Program Files\Intel\Intel(R) Management Engine Components\DAL;C:\Program Files (x86)\Intel\Intel(R) Management Engine Components\DAL;C:\Program Files\Intel\Intel(R) Management Engine Components\IPT;C:\Program Files (x86)\Intel\Intel(R) Management Engine Components\IPT;C:\Program Files (x86)\Windows Kits\8.1\Windows Performance Toolkit;C:\Program Files\Microsoft SQL Server\110\Tools\Binn;C:\Program Files (x86)\Microsoft SQL Server\110\Tools\Binn\ManagementStudio;C:\Program Files (x86)\Microsoft SQL Server\110\Tools\Binn;C:\Program Files (x86)\Microsoft Visual Studio 10.0\Common7\IDE\PrivateAssemblies;C:\Program Files (x86)\Microsoft SQL Server\110\DTS\Binn;C:\Program Files\TortoiseHg;C:\Program Files\Microsoft\Web Platform Installer;C:\Program Files (x86)\Microsoft ASP.NET\ASP.NET Web Pages\v1.0;C:\Ruby193\bin;C:\Program Files (x86)\Microsoft SDKs\TypeScript\1.0;C:\Program Files\Microsoft SQL Server\120\Tools\Binn;C:\wamp\bin\php\php5.5.12;C:\ProgramData\ComposerSetup\bin;C:\Program Files\Intel\WiFi\bin;C:\Program Files\Common Files\Intel\WirelessCommon;C:\Program Files\CMake\bin;C:\Program Files\Git\cmd;C:\Program Files\nodejs;C:\Ruby193\bin;C:\Program Files\Git;C:\Program Files\Git; C;C:\Program Files\Git\Program Files\nodejs;C:\Program Files (x86)\Microsoft VS Code\bin;C:\Users\bedussif\AppData\Local\atom\bin;C:\Program Files (x86)\Cmder;C:\Program Files (x86)\Console;C:\Users\bedussif\AppData\Roaming\Composer\vendor\bin;C:\Python27\Scripts;C:\Python27;C:\Users\bedussif\AppData\Roaming\npm;C:\Program Files\Git\usr\bin\vendor_perl;C:\Program Files\Git\usr\bin\core_perl
10 verbose lifecycle public@1.0.0~build: CWD: C:\Repository\nightwatch-gui\public
11 silly lifecycle public@1.0.0~build: Args: [ '/d /s /c',
11 silly lifecycle   'watchify src/main.js --debug -o script.js -t [ babelify  --presets [ es2015 ] ]' ]
12 silly lifecycle public@1.0.0~build: Returned: code: 3221225477  signal: null
13 info lifecycle public@1.0.0~build: Failed to exec build script
14 verbose stack Error: public@1.0.0 build: `watchify src/main.js --debug -o script.js -t [ babelify  --presets [ es2015 ] ]`
14 verbose stack Exit status 3221225477
14 verbose stack     at EventEmitter.<anonymous> (C:\Users\bedussif\AppData\Roaming\npm\node_modules\npm\lib\utils\lifecycle.js:279:16)
14 verbose stack     at emitTwo (events.js:106:13)
14 verbose stack     at EventEmitter.emit (events.js:191:7)
14 verbose stack     at ChildProcess.<anonymous> (C:\Users\bedussif\AppData\Roaming\npm\node_modules\npm\lib\utils\spawn.js:40:14)
14 verbose stack     at emitTwo (events.js:106:13)
14 verbose stack     at ChildProcess.emit (events.js:191:7)
14 verbose stack     at maybeClose (internal/child_process.js:877:16)
14 verbose stack     at Process.ChildProcess._handle.onexit (internal/child_process.js:226:5)
15 verbose pkgid public@1.0.0
16 verbose cwd C:\Repository\nightwatch-gui\public
17 error Windows_NT 6.3.9600
18 error argv "C:\\Program Files\\nodejs\\node.exe" "C:\\Users\\bedussif\\AppData\\Roaming\\npm\\node_modules\\npm\\bin\\npm-cli.js" "run" "build"
19 error node v6.9.4
20 error npm  v4.0.3
21 error code ELIFECYCLE
22 error public@1.0.0 build: `watchify src/main.js --debug -o script.js -t [ babelify  --presets [ es2015 ] ]`
22 error Exit status 3221225477
23 error Failed at the public@1.0.0 build script 'watchify src/main.js --debug -o script.js -t [ babelify  --presets [ es2015 ] ]'.
23 error Make sure you have the latest version of node.js and npm installed.
23 error If you do, this is most likely a problem with the public package,
23 error not with npm itself.
23 error Tell the author that this fails on your system:
23 error     watchify src/main.js --debug -o script.js -t [ babelify  --presets [ es2015 ] ]
23 error You can get information on how to open an issue for this project with:
23 error     npm bugs public
23 error Or if that isn't available, you can get their info via:
23 error     npm owner ls public
23 error There is likely additional logging output above.
24 verbose exit [ 1, true ]
